<?xml version="1.0" encoding="UTF-8"?>
<!-- Generated by org.testng.reporters.JUnitXMLReporter -->
<testsuite hostname="01HW1074112" ignored="0" name="Test" tests="1" failures="0" timestamp="25 Sep 2020 12:31:05 GMT" time="2.496" errors="0">
  <testcase name="@BeforeMethod beforemethod" time="2.363" classname="com.tcs.saf.test.PHPTravlesFlightBooking">
    <failure type="java.lang.IllegalStateException" message="The path to the driver executable must be set by the webdriver.ie.driver system property, Check IE driver path in Global.properties file">
      <![CDATA[java.lang.IllegalStateException: The path to the driver executable must be set by the webdriver.ie.driver system property, Check IE driver path in Global.properties file
	at com.tcs.saf.base.BrowserSetUp.setMyBrowser(BrowserSetUp.java:126)
	at com.tcs.saf.test.PHPTravlesFlightBooking.beforemethod(PHPTravlesFlightBooking.java:66)
	at java.util.concurrent.FutureTask.run(Unknown Source)
	at java.util.concurrent.ThreadPoolExecutor.runWorker(Unknown Source)
	at java.util.concurrent.ThreadPoolExecutor$Worker.run(Unknown Source)
	at java.lang.Thread.run(Unknown Source)
... Removed 18 stack frames]]>
    </failure>
  </testcase> <!-- @BeforeMethod beforemethod -->
  <testcase name="FlightbookingTest" time="0.0" classname="com.tcs.saf.test.PHPTravlesFlightBooking">
    <skipped/>
  </testcase> <!-- FlightbookingTest -->
</testsuite> <!-- Test -->
